epoch = 1.0 
Train Process Start...
Train Process End...
epoch = 2.0 
Train Process Start...
Train Process End...
epoch = 3.0 
Train Process Start...
Train Process End...
epoch = 4.0 
Train Process Start...
Train Process End...
epoch = 5.0 
Train Process Start...
Train Process End...
New Model Saved online_nn_model_ep_5.0.ckpt 
epoch = 6.0 
Train Process Start...
Train Process End...
epoch = 1.0 
Train Process Start...
Train Process End...
epoch = 2.0 
Train Process Start...
Train Process End...
epoch = 1.0 
Train Process Start...
Train Process End...
epoch = 2.0 
Train Process Start...
Train Process End...
epoch = 3.0 
Train Process Start...
Train Process End...
epoch = 4.0 
Train Process Start...
Train Process End...
epoch = 5.0 
Train Process Start...
Train Process End...
New Model Saved online_nn_model_ep_5.0.ckpt 
epoch = 6.0 
Train Process Start...
Train Process End...
epoch = 7.0 
Train Process Start...
Train Process End...
epoch = 8.0 
Train Process Start...
Train Process End...
epoch = 9.0 
Train Process Start...
Train Process End...
epoch = 10.0 
Train Process Start...
Train Process End...
New Model Saved online_nn_model_ep_10.0.ckpt 
epoch = 11.0 
Train Process Start...
Train Process End...
epoch = 12.0 
Train Process Start...
Train Process End...
epoch = 13.0 
Train Process Start...
Train Process End...
epoch = 14.0 
Train Process Start...
Train Process End...
epoch = 15.0 
Train Process Start...
Train Process End...
New Model Saved online_nn_model_ep_15.0.ckpt 
epoch = 16.0 
Train Process Start...
Train Process End...
epoch = 17.0 
Train Process Start...
Train Process End...
epoch = 18.0 
Train Process Start...
Train Process End...
epoch = 19.0 
Train Process Start...
Train Process End...
epoch = 20.0 
Train Process Start...
Train Process End...
New Model Saved online_nn_model_ep_20.0.ckpt 
epoch = 21.0 
Train Process Start...
Train Process End...
epoch = 22.0 
Train Process Start...
Train Process End...
epoch = 23.0 
Train Process Start...
Train Process End...
epoch = 24.0 
Train Process Start...
Train Process End...
epoch = 25.0 
Train Process Start...
Train Process End...
New Model Saved online_nn_model_ep_25.0.ckpt 
epoch = 26.0 
Train Process Start...
Train Process End...
epoch = 27.0 
Train Process Start...
Train Process End...
epoch = 28.0 
Train Process Start...
Train Process End...
epoch = 29.0 
Train Process Start...
Train Process End...
epoch = 30.0 
Train Process Start...
Train Process End...
New Model Saved online_nn_model_ep_30.0.ckpt 
epoch = 31.0 
Train Process Start...
Train Process End...
epoch = 32.0 
Train Process Start...
Train Process End...
epoch = 33.0 
Train Process Start...
Train Process End...
epoch = 34.0 
Train Process Start...
Train Process End...
epoch = 35.0 
Train Process Start...
Train Process End...
New Model Saved online_nn_model_ep_35.0.ckpt 
epoch = 36.0 
Train Process Start...
Train Process End...
epoch = 37.0 
Train Process Start...
Train Process End...
epoch = 38.0 
Train Process Start...
Train Process End...
epoch = 39.0 
Train Process Start...
Train Process End...
epoch = 40.0 
Train Process Start...
Train Process End...
New Model Saved online_nn_model_ep_40.0.ckpt 
epoch = 41.0 
Train Process Start...
Train Process End...
epoch = 42.0 
Train Process Start...
Train Process End...
epoch = 43.0 
Train Process Start...
Train Process End...
epoch = 44.0 
Train Process Start...
Train Process End...
epoch = 45.0 
Train Process Start...
Train Process End...
New Model Saved online_nn_model_ep_45.0.ckpt 
epoch = 46.0 
Train Process Start...
Train Process End...
epoch = 47.0 
Train Process Start...
Train Process End...
epoch = 48.0 
Train Process Start...
Train Process End...
epoch = 49.0 
Train Process Start...
Train Process End...
epoch = 50.0 
Train Process Start...
Train Process End...
New Model Saved online_nn_model_ep_50.0.ckpt 
epoch = 51.0 
Train Process Start...
Train Process End...
epoch = 52.0 
Train Process Start...
Train Process End...
epoch = 53.0 
Train Process Start...
Train Process End...
epoch = 54.0 
Train Process Start...
Train Process End...
epoch = 55.0 
Train Process Start...
Train Process End...
New Model Saved online_nn_model_ep_55.0.ckpt 
epoch = 56.0 
Train Process Start...
Train Process End...
epoch = 57.0 
Train Process Start...
Train Process End...
epoch = 58.0 
Train Process Start...
Train Process End...
epoch = 59.0 
Train Process Start...
Train Process End...
epoch = 60.0 
Train Process Start...
Train Process End...
New Model Saved online_nn_model_ep_60.0.ckpt 
epoch = 61.0 
Train Process Start...
Train Process End...
epoch = 62.0 
Train Process Start...
Train Process End...
epoch = 63.0 
Train Process Start...
Train Process End...
epoch = 64.0 
Train Process Start...
Train Process End...
epoch = 65.0 
Train Process Start...
Train Process End...
New Model Saved online_nn_model_ep_65.0.ckpt 
epoch = 66.0 
Train Process Start...
Train Process End...
epoch = 67.0 
Train Process Start...
Train Process End...
epoch = 68.0 
Train Process Start...
Train Process End...
epoch = 69.0 
Train Process Start...
Train Process End...
epoch = 70.0 
Train Process Start...
Train Process End...
New Model Saved online_nn_model_ep_70.0.ckpt 
epoch = 71.0 
Train Process Start...
Train Process End...
epoch = 72.0 
Train Process Start...
Train Process End...
epoch = 73.0 
Train Process Start...
Train Process End...
epoch = 74.0 
Train Process Start...
Train Process End...
epoch = 75.0 
Train Process Start...
Train Process End...
New Model Saved online_nn_model_ep_75.0.ckpt 
epoch = 76.0 
Train Process Start...
Train Process End...
epoch = 77.0 
Train Process Start...
Train Process End...
epoch = 78.0 
Train Process Start...
Train Process End...
epoch = 79.0 
Train Process Start...
Train Process End...
epoch = 80.0 
Train Process Start...
Train Process End...
New Model Saved online_nn_model_ep_80.0.ckpt 
epoch = 81.0 
Train Process Start...
Train Process End...
epoch = 82.0 
Train Process Start...
Train Process End...
epoch = 83.0 
Train Process Start...
Train Process End...
epoch = 84.0 
Train Process Start...
Train Process End...
epoch = 85.0 
Train Process Start...
Train Process End...
New Model Saved online_nn_model_ep_85.0.ckpt 
epoch = 86.0 
Train Process Start...
Train Process End...
epoch = 87.0 
Train Process Start...
Train Process End...
epoch = 88.0 
Train Process Start...
Train Process End...
epoch = 89.0 
Train Process Start...
Train Process End...
epoch = 90.0 
Train Process Start...
Train Process End...
New Model Saved online_nn_model_ep_90.0.ckpt 
epoch = 91.0 
Train Process Start...
Train Process End...
epoch = 92.0 
Train Process Start...
Train Process End...
epoch = 93.0 
Train Process Start...
Train Process End...
epoch = 94.0 
Train Process Start...
Train Process End...
epoch = 95.0 
Train Process Start...
Train Process End...
New Model Saved online_nn_model_ep_95.0.ckpt 
epoch = 96.0 
Train Process Start...
Train Process End...
epoch = 97.0 
Train Process Start...
Train Process End...
epoch = 98.0 
Train Process Start...
Train Process End...
epoch = 99.0 
Train Process Start...
Train Process End...
epoch = 100.0 
Train Process Start...
Train Process End...
New Model Saved online_nn_model_ep_100.0.ckpt 
epoch = 101.0 
Train Process Start...
Train Process End...
epoch = 102.0 
Train Process Start...
Train Process End...
epoch = 103.0 
Train Process Start...
Train Process End...
epoch = 104.0 
Train Process Start...
Train Process End...
epoch = 105.0 
Train Process Start...
Train Process End...
New Model Saved online_nn_model_ep_105.0.ckpt 
epoch = 106.0 
Train Process Start...
Train Process End...
epoch = 107.0 
Train Process Start...
Train Process End...
epoch = 108.0 
Train Process Start...
Train Process End...
epoch = 109.0 
Train Process Start...
Train Process End...
epoch = 110.0 
Train Process Start...
Train Process End...
New Model Saved online_nn_model_ep_110.0.ckpt 
epoch = 111.0 
Train Process Start...
Train Process End...
epoch = 112.0 
Train Process Start...
Train Process End...
epoch = 113.0 
Train Process Start...
Train Process End...
epoch = 114.0 
Train Process Start...
Train Process End...
epoch = 115.0 
Train Process Start...
Train Process End...
New Model Saved online_nn_model_ep_115.0.ckpt 
epoch = 116.0 
Train Process Start...
Train Process End...
epoch = 117.0 
Train Process Start...
Train Process End...
epoch = 118.0 
Train Process Start...
Train Process End...
epoch = 119.0 
Train Process Start...
Train Process End...
epoch = 120.0 
Train Process Start...
Train Process End...
New Model Saved online_nn_model_ep_120.0.ckpt 
epoch = 121.0 
Train Process Start...
Train Process End...
epoch = 122.0 
Train Process Start...
Train Process End...
epoch = 123.0 
Train Process Start...
Train Process End...
epoch = 124.0 
Train Process Start...
Train Process End...
epoch = 125.0 
Train Process Start...
Train Process End...
New Model Saved online_nn_model_ep_125.0.ckpt 
epoch = 126.0 
Train Process Start...
Train Process End...
epoch = 127.0 
Train Process Start...
Train Process End...
epoch = 128.0 
Train Process Start...
Train Process End...
epoch = 129.0 
Train Process Start...
Train Process End...
epoch = 130.0 
Train Process Start...
Train Process End...
New Model Saved online_nn_model_ep_130.0.ckpt 
epoch = 131.0 
Train Process Start...
Train Process End...
epoch = 132.0 
Train Process Start...
Train Process End...
epoch = 133.0 
Train Process Start...
Train Process End...
epoch = 134.0 
Train Process Start...
Train Process End...
epoch = 135.0 
Train Process Start...
Train Process End...
New Model Saved online_nn_model_ep_135.0.ckpt 
epoch = 136.0 
Train Process Start...
Train Process End...
epoch = 137.0 
Train Process Start...
Train Process End...
epoch = 138.0 
Train Process Start...
Train Process End...
epoch = 139.0 
Train Process Start...
Train Process End...
epoch = 140.0 
Train Process Start...
Train Process End...
New Model Saved online_nn_model_ep_140.0.ckpt 
epoch = 141.0 
Train Process Start...
Train Process End...
epoch = 142.0 
Train Process Start...
Train Process End...
epoch = 143.0 
Train Process Start...
Train Process End...
epoch = 144.0 
Train Process Start...
Train Process End...
epoch = 145.0 
Train Process Start...
Train Process End...
New Model Saved online_nn_model_ep_145.0.ckpt 
epoch = 146.0 
Train Process Start...
Train Process End...
epoch = 147.0 
Train Process Start...
Train Process End...
epoch = 148.0 
Train Process Start...
Train Process End...
epoch = 149.0 
Train Process Start...
Train Process End...
epoch = 150.0 
Train Process Start...
Train Process End...
New Model Saved online_nn_model_ep_150.0.ckpt 
epoch = 151.0 
Train Process Start...
Train Process End...
epoch = 152.0 
Train Process Start...
Train Process End...
epoch = 153.0 
Train Process Start...
Train Process End...
epoch = 154.0 
Train Process Start...
Train Process End...
epoch = 155.0 
Train Process Start...
Train Process End...
New Model Saved online_nn_model_ep_155.0.ckpt 
epoch = 156.0 
Train Process Start...
Train Process End...
epoch = 157.0 
Train Process Start...
Train Process End...
epoch = 158.0 
Train Process Start...
Train Process End...
epoch = 159.0 
Train Process Start...
Train Process End...
epoch = 160.0 
Train Process Start...
Train Process End...
New Model Saved online_nn_model_ep_160.0.ckpt 
epoch = 161.0 
Train Process Start...
Train Process End...
epoch = 162.0 
Train Process Start...
Train Process End...
epoch = 163.0 
Train Process Start...
Train Process End...
epoch = 164.0 
Train Process Start...
Train Process End...
epoch = 165.0 
Train Process Start...
Train Process End...
New Model Saved online_nn_model_ep_165.0.ckpt 
epoch = 166.0 
Train Process Start...
Train Process End...
epoch = 167.0 
Train Process Start...
Train Process End...
epoch = 168.0 
Train Process Start...
Train Process End...
epoch = 169.0 
Train Process Start...
Train Process End...
epoch = 170.0 
Train Process Start...
Train Process End...
New Model Saved online_nn_model_ep_170.0.ckpt 
epoch = 171.0 
Train Process Start...
Train Process End...
epoch = 172.0 
Train Process Start...
Train Process End...
epoch = 173.0 
Train Process Start...
Train Process End...
epoch = 174.0 
Train Process Start...
Train Process End...
epoch = 175.0 
Train Process Start...
Train Process End...
New Model Saved online_nn_model_ep_175.0.ckpt 
epoch = 176.0 
Train Process Start...
Train Process End...
epoch = 177.0 
Train Process Start...
Train Process End...
epoch = 178.0 
Train Process Start...
Train Process End...
epoch = 179.0 
Train Process Start...
Train Process End...
epoch = 180.0 
Train Process Start...
Train Process End...
New Model Saved online_nn_model_ep_180.0.ckpt 
epoch = 181.0 
Train Process Start...
Train Process End...
epoch = 182.0 
Train Process Start...
Train Process End...
epoch = 183.0 
Train Process Start...
Train Process End...
epoch = 184.0 
Train Process Start...
Train Process End...
epoch = 185.0 
Train Process Start...
Train Process End...
New Model Saved online_nn_model_ep_185.0.ckpt 
epoch = 186.0 
Train Process Start...
Train Process End...
epoch = 187.0 
Train Process Start...
Train Process End...
epoch = 188.0 
Train Process Start...
Train Process End...
epoch = 189.0 
Train Process Start...
Train Process End...
epoch = 190.0 
Train Process Start...
Train Process End...
New Model Saved online_nn_model_ep_190.0.ckpt 
epoch = 191.0 
Train Process Start...
Train Process End...
epoch = 192.0 
Train Process Start...
Train Process End...
epoch = 193.0 
Train Process Start...
Train Process End...
epoch = 194.0 
Train Process Start...
Train Process End...
epoch = 195.0 
Train Process Start...
Train Process End...
New Model Saved online_nn_model_ep_195.0.ckpt 
epoch = 196.0 
Train Process Start...
Train Process End...
epoch = 197.0 
Train Process Start...
Train Process End...
epoch = 198.0 
Train Process Start...
Train Process End...
epoch = 199.0 
Train Process Start...
Train Process End...
epoch = 200.0 
Train Process Start...
Train Process End...
New Model Saved online_nn_model_ep_200.0.ckpt 
epoch = 201.0 
Train Process Start...
Train Process End...
epoch = 202.0 
Train Process Start...
Train Process End...
epoch = 203.0 
Train Process Start...
Train Process End...
epoch = 204.0 
Train Process Start...
Train Process End...
epoch = 205.0 
Train Process Start...
Train Process End...
New Model Saved online_nn_model_ep_205.0.ckpt 
epoch = 206.0 
Train Process Start...
Train Process End...
epoch = 207.0 
Train Process Start...
Train Process End...
epoch = 208.0 
Train Process Start...
Train Process End...
epoch = 209.0 
Train Process Start...
Train Process End...
epoch = 210.0 
Train Process Start...
Train Process End...
New Model Saved online_nn_model_ep_210.0.ckpt 
epoch = 211.0 
Train Process Start...
Train Process End...
epoch = 212.0 
Train Process Start...
Train Process End...
epoch = 213.0 
Train Process Start...
Train Process End...
epoch = 214.0 
Train Process Start...
Train Process End...
epoch = 215.0 
Train Process Start...
Train Process End...
New Model Saved online_nn_model_ep_215.0.ckpt 
epoch = 216.0 
Train Process Start...
Train Process End...
epoch = 217.0 
Train Process Start...
Train Process End...
epoch = 218.0 
Train Process Start...
Train Process End...
epoch = 219.0 
Train Process Start...
Train Process End...
epoch = 220.0 
Train Process Start...
Train Process End...
New Model Saved online_nn_model_ep_220.0.ckpt 
epoch = 221.0 
Train Process Start...
Train Process End...
epoch = 222.0 
Train Process Start...
Train Process End...
epoch = 223.0 
Train Process Start...
Train Process End...
epoch = 224.0 
Train Process Start...
Train Process End...
epoch = 225.0 
Train Process Start...
Train Process End...
New Model Saved online_nn_model_ep_225.0.ckpt 
epoch = 226.0 
Train Process Start...
Train Process End...
epoch = 227.0 
Train Process Start...
Train Process End...
epoch = 228.0 
Train Process Start...
Train Process End...
epoch = 229.0 
Train Process Start...
Train Process End...
epoch = 230.0 
Train Process Start...
Train Process End...
New Model Saved online_nn_model_ep_230.0.ckpt 
epoch = 231.0 
Train Process Start...
Train Process End...
epoch = 232.0 
Train Process Start...
Train Process End...
epoch = 233.0 
Train Process Start...
Train Process End...
epoch = 234.0 
Train Process Start...
Train Process End...
epoch = 235.0 
Train Process Start...
Train Process End...
New Model Saved online_nn_model_ep_235.0.ckpt 
epoch = 236.0 
Train Process Start...
Train Process End...
epoch = 237.0 
Train Process Start...
Train Process End...
epoch = 238.0 
Train Process Start...
Train Process End...
epoch = 239.0 
Train Process Start...
Train Process End...
epoch = 240.0 
Train Process Start...
Train Process End...
New Model Saved online_nn_model_ep_240.0.ckpt 
epoch = 241.0 
Train Process Start...
Train Process End...
epoch = 242.0 
Train Process Start...
Train Process End...
epoch = 243.0 
Train Process Start...
Train Process End...
epoch = 244.0 
Train Process Start...
Train Process End...
epoch = 245.0 
Train Process Start...
Train Process End...
New Model Saved online_nn_model_ep_245.0.ckpt 
epoch = 246.0 
Train Process Start...
Train Process End...
epoch = 247.0 
Train Process Start...
Train Process End...
epoch = 248.0 
Train Process Start...
Train Process End...
epoch = 249.0 
Train Process Start...
Train Process End...
epoch = 250.0 
Train Process Start...
Train Process End...
New Model Saved online_nn_model_ep_250.0.ckpt 
epoch = 251.0 
Train Process Start...
Train Process End...
epoch = 252.0 
Train Process Start...
Train Process End...
epoch = 253.0 
Train Process Start...
Train Process End...
epoch = 254.0 
Train Process Start...
Train Process End...
epoch = 255.0 
Train Process Start...
Train Process End...
New Model Saved online_nn_model_ep_255.0.ckpt 
epoch = 256.0 
Train Process Start...
Train Process End...
epoch = 257.0 
Train Process Start...
Train Process End...
epoch = 258.0 
Train Process Start...
Train Process End...
epoch = 259.0 
Train Process Start...
Train Process End...
epoch = 260.0 
Train Process Start...
Train Process End...
New Model Saved online_nn_model_ep_260.0.ckpt 
epoch = 261.0 
Train Process Start...
Train Process End...
epoch = 262.0 
Train Process Start...
Train Process End...
epoch = 263.0 
Train Process Start...
Train Process End...
epoch = 264.0 
Train Process Start...
Train Process End...
epoch = 265.0 
Train Process Start...
Train Process End...
New Model Saved online_nn_model_ep_265.0.ckpt 
epoch = 266.0 
Train Process Start...
Train Process End...
epoch = 267.0 
Train Process Start...
Train Process End...
epoch = 268.0 
Train Process Start...
Train Process End...
epoch = 269.0 
Train Process Start...
Train Process End...
epoch = 270.0 
Train Process Start...
Train Process End...
New Model Saved online_nn_model_ep_270.0.ckpt 
epoch = 271.0 
Train Process Start...
Train Process End...
epoch = 272.0 
Train Process Start...
Train Process End...
epoch = 273.0 
Train Process Start...
Train Process End...
epoch = 274.0 
Train Process Start...
Train Process End...
epoch = 275.0 
Train Process Start...
Train Process End...
New Model Saved online_nn_model_ep_275.0.ckpt 
epoch = 276.0 
Train Process Start...
Train Process End...
epoch = 277.0 
Train Process Start...
Train Process End...
epoch = 278.0 
Train Process Start...
Train Process End...
epoch = 279.0 
Train Process Start...
Train Process End...
epoch = 280.0 
Train Process Start...
Train Process End...
New Model Saved online_nn_model_ep_280.0.ckpt 
epoch = 281.0 
Train Process Start...
Train Process End...
epoch = 282.0 
Train Process Start...
Train Process End...
epoch = 283.0 
Train Process Start...
Train Process End...
epoch = 284.0 
Train Process Start...
Train Process End...
epoch = 285.0 
Train Process Start...
Train Process End...
New Model Saved online_nn_model_ep_285.0.ckpt 
epoch = 286.0 
Train Process Start...
Train Process End...
epoch = 287.0 
Train Process Start...
Train Process End...
epoch = 288.0 
Train Process Start...
Train Process End...
epoch = 289.0 
Train Process Start...
Train Process End...
epoch = 290.0 
Train Process Start...
Train Process End...
New Model Saved online_nn_model_ep_290.0.ckpt 
epoch = 291.0 
Train Process Start...
Train Process End...
epoch = 292.0 
Train Process Start...
Train Process End...
epoch = 293.0 
Train Process Start...
Train Process End...
epoch = 294.0 
Train Process Start...
Train Process End...
epoch = 295.0 
Train Process Start...
Train Process End...
New Model Saved online_nn_model_ep_295.0.ckpt 
epoch = 296.0 
Train Process Start...
Train Process End...
epoch = 297.0 
Train Process Start...
Train Process End...
epoch = 298.0 
Train Process Start...
Train Process End...
epoch = 299.0 
Train Process Start...
Train Process End...
epoch = 300.0 
Train Process Start...
Train Process End...
New Model Saved online_nn_model_ep_300.0.ckpt 
epoch = 301.0 
Train Process Start...
Train Process End...
epoch = 302.0 
Train Process Start...
Train Process End...
epoch = 303.0 
Train Process Start...
Train Process End...
epoch = 304.0 
Train Process Start...
Train Process End...
epoch = 305.0 
Train Process Start...
Train Process End...
New Model Saved online_nn_model_ep_305.0.ckpt 
epoch = 306.0 
Train Process Start...
Train Process End...
epoch = 307.0 
Train Process Start...
Train Process End...
epoch = 308.0 
Train Process Start...
Train Process End...
epoch = 309.0 
Train Process Start...
Train Process End...
epoch = 310.0 
Train Process Start...
Train Process End...
New Model Saved online_nn_model_ep_310.0.ckpt 
epoch = 311.0 
Train Process Start...
Train Process End...
epoch = 312.0 
Train Process Start...
Train Process End...
epoch = 313.0 
Train Process Start...
Train Process End...
epoch = 314.0 
Train Process Start...
Train Process End...
epoch = 315.0 
Train Process Start...
Train Process End...
New Model Saved online_nn_model_ep_315.0.ckpt 
epoch = 316.0 
Train Process Start...
Train Process End...
epoch = 317.0 
Train Process Start...
Train Process End...
epoch = 318.0 
Train Process Start...
Train Process End...
epoch = 319.0 
Train Process Start...
Train Process End...
epoch = 320.0 
Train Process Start...
Train Process End...
New Model Saved online_nn_model_ep_320.0.ckpt 
epoch = 321.0 
Train Process Start...
Train Process End...
epoch = 322.0 
Train Process Start...
Train Process End...
epoch = 323.0 
Train Process Start...
Train Process End...
epoch = 324.0 
Train Process Start...
Train Process End...
epoch = 325.0 
Train Process Start...
Train Process End...
New Model Saved online_nn_model_ep_325.0.ckpt 
epoch = 326.0 
Train Process Start...
Train Process End...
epoch = 327.0 
Train Process Start...
Train Process End...
epoch = 328.0 
Train Process Start...
Train Process End...
epoch = 329.0 
Train Process Start...
Train Process End...
epoch = 330.0 
Train Process Start...
Train Process End...
New Model Saved online_nn_model_ep_330.0.ckpt 
epoch = 331.0 
Train Process Start...
Train Process End...
epoch = 332.0 
Train Process Start...
Train Process End...
epoch = 333.0 
Train Process Start...
Train Process End...
epoch = 334.0 
Train Process Start...
Train Process End...
epoch = 335.0 
Train Process Start...
Train Process End...
New Model Saved online_nn_model_ep_335.0.ckpt 
epoch = 336.0 
Train Process Start...
Train Process End...
epoch = 337.0 
Train Process Start...
Train Process End...
epoch = 338.0 
Train Process Start...
Train Process End...
epoch = 339.0 
Train Process Start...
Train Process End...
epoch = 340.0 
Train Process Start...
Train Process End...
New Model Saved online_nn_model_ep_340.0.ckpt 
epoch = 341.0 
Train Process Start...
Train Process End...
epoch = 342.0 
Train Process Start...
Train Process End...
epoch = 343.0 
Train Process Start...
Train Process End...
epoch = 344.0 
Train Process Start...
Train Process End...
epoch = 345.0 
Train Process Start...
Train Process End...
New Model Saved online_nn_model_ep_345.0.ckpt 
epoch = 346.0 
Train Process Start...
Train Process End...
epoch = 347.0 
Train Process Start...
Train Process End...
epoch = 348.0 
Train Process Start...
Train Process End...
epoch = 349.0 
Train Process Start...
Train Process End...
epoch = 350.0 
Train Process Start...
Train Process End...
New Model Saved online_nn_model_ep_350.0.ckpt 
epoch = 351.0 
Train Process Start...
Train Process End...
epoch = 352.0 
Train Process Start...
Train Process End...
epoch = 353.0 
Train Process Start...
Train Process End...
epoch = 354.0 
Train Process Start...
Train Process End...
epoch = 355.0 
Train Process Start...
Train Process End...
New Model Saved online_nn_model_ep_355.0.ckpt 
epoch = 356.0 
Train Process Start...
Train Process End...
epoch = 357.0 
Train Process Start...
Train Process End...
epoch = 358.0 
Train Process Start...
Train Process End...
epoch = 359.0 
Train Process Start...
Train Process End...
epoch = 360.0 
Train Process Start...
Train Process End...
New Model Saved online_nn_model_ep_360.0.ckpt 
epoch = 361.0 
Train Process Start...
Train Process End...
epoch = 362.0 
Train Process Start...
Train Process End...
epoch = 363.0 
Train Process Start...
Train Process End...
epoch = 364.0 
Train Process Start...
Train Process End...
epoch = 365.0 
Train Process Start...
Train Process End...
New Model Saved online_nn_model_ep_365.0.ckpt 
epoch = 366.0 
Train Process Start...
Train Process End...
epoch = 367.0 
Train Process Start...
Train Process End...
epoch = 368.0 
Train Process Start...
Train Process End...
epoch = 369.0 
Train Process Start...
Train Process End...
epoch = 370.0 
Train Process Start...
Train Process End...
New Model Saved online_nn_model_ep_370.0.ckpt 
epoch = 371.0 
Train Process Start...
Train Process End...
epoch = 372.0 
Train Process Start...
Train Process End...
epoch = 373.0 
Train Process Start...
Train Process End...
epoch = 374.0 
Train Process Start...
Train Process End...
epoch = 375.0 
Train Process Start...
Train Process End...
New Model Saved online_nn_model_ep_375.0.ckpt 
epoch = 376.0 
Train Process Start...
Train Process End...
epoch = 377.0 
Train Process Start...
Train Process End...
epoch = 378.0 
Train Process Start...
Train Process End...
epoch = 379.0 
Train Process Start...
Train Process End...
epoch = 380.0 
Train Process Start...
Train Process End...
New Model Saved online_nn_model_ep_380.0.ckpt 
epoch = 381.0 
Train Process Start...
Train Process End...
epoch = 382.0 
Train Process Start...
Train Process End...
epoch = 383.0 
Train Process Start...
Train Process End...
epoch = 384.0 
Train Process Start...
Train Process End...
epoch = 385.0 
Train Process Start...
Train Process End...
New Model Saved online_nn_model_ep_385.0.ckpt 
epoch = 386.0 
Train Process Start...
Train Process End...
epoch = 387.0 
Train Process Start...
Train Process End...
epoch = 388.0 
Train Process Start...
Train Process End...
epoch = 389.0 
Train Process Start...
Train Process End...
epoch = 390.0 
Train Process Start...
Train Process End...
New Model Saved online_nn_model_ep_390.0.ckpt 
epoch = 391.0 
Train Process Start...
Train Process End...
epoch = 392.0 
Train Process Start...
Train Process End...
epoch = 393.0 
Train Process Start...
Train Process End...
epoch = 394.0 
Train Process Start...
Train Process End...
epoch = 395.0 
Train Process Start...
Train Process End...
New Model Saved online_nn_model_ep_395.0.ckpt 
epoch = 396.0 
Train Process Start...
Train Process End...
epoch = 397.0 
Train Process Start...
Train Process End...
epoch = 398.0 
Train Process Start...
Train Process End...
epoch = 399.0 
Train Process Start...
Train Process End...
epoch = 400.0 
Train Process Start...
Train Process End...
New Model Saved online_nn_model_ep_400.0.ckpt 
epoch = 401.0 
Train Process Start...
Train Process End...
epoch = 402.0 
Train Process Start...
Train Process End...
epoch = 403.0 
Train Process Start...
Train Process End...
epoch = 404.0 
Train Process Start...
Train Process End...
epoch = 405.0 
Train Process Start...
Train Process End...
New Model Saved online_nn_model_ep_405.0.ckpt 
epoch = 406.0 
Train Process Start...
Train Process End...
epoch = 407.0 
Train Process Start...
Train Process End...
epoch = 408.0 
Train Process Start...
Train Process End...
epoch = 409.0 
Train Process Start...
Train Process End...
epoch = 410.0 
Train Process Start...
Train Process End...
New Model Saved online_nn_model_ep_410.0.ckpt 
epoch = 411.0 
Train Process Start...
Train Process End...
epoch = 412.0 
Train Process Start...
Train Process End...
epoch = 413.0 
Train Process Start...
Train Process End...
epoch = 414.0 
Train Process Start...
Train Process End...
epoch = 415.0 
Train Process Start...
Train Process End...
New Model Saved online_nn_model_ep_415.0.ckpt 
epoch = 416.0 
Train Process Start...
Train Process End...
epoch = 417.0 
Train Process Start...
Train Process End...
epoch = 418.0 
Train Process Start...
Train Process End...
epoch = 419.0 
Train Process Start...
Train Process End...
epoch = 420.0 
Train Process Start...
Train Process End...
New Model Saved online_nn_model_ep_420.0.ckpt 
epoch = 421.0 
Train Process Start...
Train Process End...
epoch = 422.0 
Train Process Start...
Train Process End...
epoch = 423.0 
Train Process Start...
Train Process End...
epoch = 424.0 
Train Process Start...
Train Process End...
epoch = 425.0 
Train Process Start...
Train Process End...
New Model Saved online_nn_model_ep_425.0.ckpt 
epoch = 426.0 
Train Process Start...
Train Process End...
epoch = 427.0 
Train Process Start...
Train Process End...
epoch = 428.0 
Train Process Start...
Train Process End...
epoch = 429.0 
Train Process Start...
Train Process End...
epoch = 430.0 
Train Process Start...
Train Process End...
New Model Saved online_nn_model_ep_430.0.ckpt 
epoch = 431.0 
Train Process Start...
Train Process End...
epoch = 432.0 
Train Process Start...
Train Process End...
epoch = 433.0 
Train Process Start...
Train Process End...
epoch = 434.0 
Train Process Start...
Train Process End...
epoch = 435.0 
Train Process Start...
Train Process End...
New Model Saved online_nn_model_ep_435.0.ckpt 
epoch = 436.0 
Train Process Start...
Train Process End...
epoch = 437.0 
Train Process Start...
Train Process End...
epoch = 438.0 
Train Process Start...
Train Process End...
epoch = 439.0 
Train Process Start...
Train Process End...
epoch = 440.0 
Train Process Start...
Train Process End...
New Model Saved online_nn_model_ep_440.0.ckpt 
epoch = 441.0 
Train Process Start...
Train Process End...
epoch = 442.0 
Train Process Start...
Train Process End...
epoch = 443.0 
Train Process Start...
Train Process End...
epoch = 444.0 
Train Process Start...
Train Process End...
epoch = 445.0 
Train Process Start...
Train Process End...
New Model Saved online_nn_model_ep_445.0.ckpt 
epoch = 446.0 
Train Process Start...
Train Process End...
epoch = 447.0 
Train Process Start...
Train Process End...
epoch = 448.0 
Train Process Start...
Train Process End...
epoch = 449.0 
Train Process Start...
Train Process End...
epoch = 450.0 
Train Process Start...
Train Process End...
New Model Saved online_nn_model_ep_450.0.ckpt 
epoch = 451.0 
Train Process Start...
Train Process End...
epoch = 452.0 
Train Process Start...
Train Process End...
epoch = 453.0 
Train Process Start...
Train Process End...
epoch = 454.0 
Train Process Start...
Train Process End...
epoch = 455.0 
Train Process Start...
Train Process End...
New Model Saved online_nn_model_ep_455.0.ckpt 
epoch = 456.0 
Train Process Start...
Train Process End...
epoch = 457.0 
Train Process Start...
Train Process End...
epoch = 458.0 
Train Process Start...
Train Process End...
epoch = 459.0 
Train Process Start...
Train Process End...
epoch = 460.0 
Train Process Start...
Train Process End...
New Model Saved online_nn_model_ep_460.0.ckpt 
epoch = 461.0 
Train Process Start...
Train Process End...
epoch = 462.0 
Train Process Start...
Train Process End...
epoch = 463.0 
Train Process Start...
Train Process End...
epoch = 464.0 
Train Process Start...
Train Process End...
epoch = 465.0 
Train Process Start...
Train Process End...
New Model Saved online_nn_model_ep_465.0.ckpt 
epoch = 466.0 
Train Process Start...
Train Process End...
epoch = 467.0 
Train Process Start...
Train Process End...
epoch = 468.0 
Train Process Start...
Train Process End...
epoch = 469.0 
Train Process Start...
Train Process End...
epoch = 470.0 
Train Process Start...
Train Process End...
New Model Saved online_nn_model_ep_470.0.ckpt 
epoch = 471.0 
Train Process Start...
Train Process End...
epoch = 472.0 
Train Process Start...
Train Process End...
epoch = 473.0 
Train Process Start...
Train Process End...
epoch = 474.0 
Train Process Start...
Train Process End...
epoch = 475.0 
Train Process Start...
Train Process End...
New Model Saved online_nn_model_ep_475.0.ckpt 
epoch = 476.0 
Train Process Start...
Train Process End...
epoch = 477.0 
Train Process Start...
Train Process End...
epoch = 478.0 
Train Process Start...
Train Process End...
epoch = 479.0 
Train Process Start...
Train Process End...
epoch = 480.0 
Train Process Start...
Train Process End...
New Model Saved online_nn_model_ep_480.0.ckpt 
epoch = 481.0 
Train Process Start...
Train Process End...
epoch = 482.0 
Train Process Start...
Train Process End...
epoch = 483.0 
Train Process Start...
Train Process End...
epoch = 484.0 
Train Process Start...
Train Process End...
epoch = 485.0 
Train Process Start...
Train Process End...
New Model Saved online_nn_model_ep_485.0.ckpt 
epoch = 486.0 
Train Process Start...
Train Process End...
epoch = 487.0 
Train Process Start...
Train Process End...
epoch = 488.0 
Train Process Start...
Train Process End...
epoch = 489.0 
Train Process Start...
Train Process End...
epoch = 490.0 
Train Process Start...
Train Process End...
New Model Saved online_nn_model_ep_490.0.ckpt 
epoch = 491.0 
Train Process Start...
Train Process End...
epoch = 492.0 
Train Process Start...
Train Process End...
epoch = 493.0 
Train Process Start...
Train Process End...
epoch = 494.0 
Train Process Start...
Train Process End...
epoch = 495.0 
Train Process Start...
Train Process End...
New Model Saved online_nn_model_ep_495.0.ckpt 
epoch = 496.0 
Train Process Start...
Train Process End...
epoch = 497.0 
Train Process Start...
Train Process End...
epoch = 498.0 
Train Process Start...
Train Process End...
epoch = 499.0 
Train Process Start...
Train Process End...
epoch = 500.0 
Train Process Start...
Train Process End...
New Model Saved online_nn_model_ep_500.0.ckpt 
epoch = 501.0 
Train Process Start...
Train Process End...
epoch = 502.0 
Train Process Start...
Train Process End...
epoch = 503.0 
Train Process Start...
Train Process End...
epoch = 504.0 
Train Process Start...
Train Process End...
epoch = 505.0 
Train Process Start...
Train Process End...
New Model Saved online_nn_model_ep_505.0.ckpt 
epoch = 506.0 
Train Process Start...
Train Process End...
epoch = 507.0 
Train Process Start...
Train Process End...
epoch = 508.0 
Train Process Start...
Train Process End...
epoch = 509.0 
Train Process Start...
Train Process End...
epoch = 510.0 
Train Process Start...
Train Process End...
New Model Saved online_nn_model_ep_510.0.ckpt 
epoch = 511.0 
Train Process Start...
Train Process End...
epoch = 512.0 
Train Process Start...
Train Process End...
epoch = 513.0 
Train Process Start...
Train Process End...
epoch = 514.0 
Train Process Start...
Train Process End...
epoch = 515.0 
Train Process Start...
Train Process End...
New Model Saved online_nn_model_ep_515.0.ckpt 
epoch = 516.0 
Train Process Start...
Train Process End...
epoch = 517.0 
Train Process Start...
Train Process End...
epoch = 518.0 
Train Process Start...
Train Process End...
epoch = 519.0 
Train Process Start...
Train Process End...
epoch = 520.0 
Train Process Start...
Train Process End...
New Model Saved online_nn_model_ep_520.0.ckpt 
epoch = 521.0 
Train Process Start...
Train Process End...
epoch = 522.0 
Train Process Start...
Train Process End...
epoch = 523.0 
Train Process Start...
Train Process End...
epoch = 524.0 
Train Process Start...
Train Process End...
epoch = 525.0 
Train Process Start...
Train Process End...
New Model Saved online_nn_model_ep_525.0.ckpt 
epoch = 526.0 
Train Process Start...
Train Process End...
epoch = 527.0 
Train Process Start...
Train Process End...
epoch = 528.0 
Train Process Start...
Train Process End...
epoch = 529.0 
Train Process Start...
Train Process End...
epoch = 530.0 
Train Process Start...
Train Process End...
New Model Saved online_nn_model_ep_530.0.ckpt 
epoch = 531.0 
Train Process Start...
Train Process End...
epoch = 532.0 
Train Process Start...
Train Process End...
epoch = 533.0 
Train Process Start...
Train Process End...
epoch = 534.0 
Train Process Start...
Train Process End...
epoch = 535.0 
Train Process Start...
Train Process End...
New Model Saved online_nn_model_ep_535.0.ckpt 
epoch = 536.0 
Train Process Start...
Train Process End...
epoch = 537.0 
Train Process Start...
Train Process End...
epoch = 538.0 
Train Process Start...
Train Process End...
epoch = 539.0 
Train Process Start...
Train Process End...
epoch = 540.0 
Train Process Start...
Train Process End...
New Model Saved online_nn_model_ep_540.0.ckpt 
epoch = 541.0 
Train Process Start...
Train Process End...
epoch = 542.0 
Train Process Start...
Train Process End...
epoch = 543.0 
Train Process Start...
Train Process End...
epoch = 544.0 
Train Process Start...
Train Process End...
epoch = 545.0 
Train Process Start...
Train Process End...
New Model Saved online_nn_model_ep_545.0.ckpt 
epoch = 546.0 
Train Process Start...
Train Process End...
epoch = 547.0 
Train Process Start...
Train Process End...
epoch = 548.0 
Train Process Start...
Train Process End...
epoch = 549.0 
Train Process Start...
Train Process End...
epoch = 550.0 
Train Process Start...
Train Process End...
New Model Saved online_nn_model_ep_550.0.ckpt 
epoch = 551.0 
Train Process Start...
Train Process End...
epoch = 552.0 
Train Process Start...
Train Process End...
epoch = 553.0 
Train Process Start...
Train Process End...
epoch = 554.0 
Train Process Start...
Train Process End...
epoch = 555.0 
Train Process Start...
Train Process End...
New Model Saved online_nn_model_ep_555.0.ckpt 
epoch = 556.0 
Train Process Start...
Train Process End...
epoch = 557.0 
Train Process Start...
Train Process End...
epoch = 558.0 
Train Process Start...
Train Process End...
epoch = 559.0 
Train Process Start...
Train Process End...
epoch = 560.0 
Train Process Start...
Train Process End...
New Model Saved online_nn_model_ep_560.0.ckpt 
epoch = 561.0 
Train Process Start...
Train Process End...
epoch = 562.0 
Train Process Start...
Train Process End...
epoch = 563.0 
Train Process Start...
Train Process End...
epoch = 564.0 
Train Process Start...
Train Process End...
epoch = 565.0 
Train Process Start...
Train Process End...
New Model Saved online_nn_model_ep_565.0.ckpt 
epoch = 566.0 
Train Process Start...
Train Process End...
epoch = 567.0 
Train Process Start...
Train Process End...
epoch = 568.0 
Train Process Start...
Train Process End...
epoch = 569.0 
Train Process Start...
Train Process End...
epoch = 570.0 
Train Process Start...
Train Process End...
New Model Saved online_nn_model_ep_570.0.ckpt 
epoch = 571.0 
Train Process Start...
Train Process End...
epoch = 572.0 
Train Process Start...
Train Process End...
epoch = 573.0 
Train Process Start...
Train Process End...
epoch = 574.0 
Train Process Start...
Train Process End...
epoch = 575.0 
Train Process Start...
Train Process End...
New Model Saved online_nn_model_ep_575.0.ckpt 
epoch = 576.0 
Train Process Start...
Train Process End...
epoch = 577.0 
Train Process Start...
Train Process End...
epoch = 578.0 
Train Process Start...
Train Process End...
epoch = 579.0 
Train Process Start...
Train Process End...
epoch = 580.0 
Train Process Start...
Train Process End...
New Model Saved online_nn_model_ep_580.0.ckpt 
epoch = 581.0 
Train Process Start...
Train Process End...
epoch = 582.0 
Train Process Start...
Train Process End...
epoch = 583.0 
Train Process Start...
Train Process End...
epoch = 584.0 
Train Process Start...
Train Process End...
epoch = 585.0 
Train Process Start...
Train Process End...
New Model Saved online_nn_model_ep_585.0.ckpt 
epoch = 586.0 
Train Process Start...
Train Process End...
epoch = 587.0 
Train Process Start...
Train Process End...
epoch = 588.0 
Train Process Start...
Train Process End...
epoch = 589.0 
Train Process Start...
Train Process End...
epoch = 590.0 
Train Process Start...
Train Process End...
New Model Saved online_nn_model_ep_590.0.ckpt 
epoch = 591.0 
Train Process Start...
Train Process End...
epoch = 592.0 
Train Process Start...
Train Process End...
epoch = 593.0 
Train Process Start...
Train Process End...
epoch = 594.0 
Train Process Start...
Train Process End...
epoch = 595.0 
Train Process Start...
Train Process End...
New Model Saved online_nn_model_ep_595.0.ckpt 
epoch = 596.0 
Train Process Start...
Train Process End...
epoch = 597.0 
Train Process Start...
Train Process End...
epoch = 598.0 
Train Process Start...
Train Process End...
epoch = 599.0 
Train Process Start...
Train Process End...
epoch = 600.0 
Train Process Start...
Train Process End...
New Model Saved online_nn_model_ep_600.0.ckpt 
epoch = 601.0 
Train Process Start...
Train Process End...
epoch = 602.0 
Train Process Start...
Train Process End...
epoch = 603.0 
Train Process Start...
Train Process End...
epoch = 604.0 
Train Process Start...
Train Process End...
epoch = 605.0 
Train Process Start...
Train Process End...
New Model Saved online_nn_model_ep_605.0.ckpt 
epoch = 606.0 
Train Process Start...
Train Process End...
epoch = 607.0 
Train Process Start...
Train Process End...
epoch = 608.0 
Train Process Start...
Train Process End...
epoch = 609.0 
Train Process Start...
Train Process End...
epoch = 610.0 
Train Process Start...
Train Process End...
New Model Saved online_nn_model_ep_610.0.ckpt 
epoch = 611.0 
Train Process Start...
Train Process End...
epoch = 612.0 
Train Process Start...
Train Process End...
epoch = 613.0 
Train Process Start...
Train Process End...
epoch = 614.0 
Train Process Start...
Train Process End...
epoch = 615.0 
Train Process Start...
Train Process End...
New Model Saved online_nn_model_ep_615.0.ckpt 
epoch = 616.0 
Train Process Start...
Train Process End...
epoch = 617.0 
Train Process Start...
Train Process End...
epoch = 618.0 
Train Process Start...
Train Process End...
epoch = 619.0 
Train Process Start...
Train Process End...
epoch = 620.0 
Train Process Start...
Train Process End...
New Model Saved online_nn_model_ep_620.0.ckpt 
epoch = 621.0 
Train Process Start...
Train Process End...
epoch = 622.0 
Train Process Start...
Train Process End...
epoch = 623.0 
Train Process Start...
Train Process End...
epoch = 624.0 
Train Process Start...
Train Process End...
epoch = 625.0 
Train Process Start...
Train Process End...
New Model Saved online_nn_model_ep_625.0.ckpt 
epoch = 626.0 
Train Process Start...
Train Process End...
epoch = 627.0 
Train Process Start...
Train Process End...
epoch = 628.0 
Train Process Start...
Train Process End...
epoch = 629.0 
Train Process Start...
Train Process End...
epoch = 630.0 
Train Process Start...
Train Process End...
New Model Saved online_nn_model_ep_630.0.ckpt 
epoch = 631.0 
Train Process Start...
Train Process End...
epoch = 632.0 
Train Process Start...
Train Process End...
epoch = 633.0 
Train Process Start...
Train Process End...
epoch = 634.0 
Train Process Start...
Train Process End...
epoch = 635.0 
Train Process Start...
Train Process End...
New Model Saved online_nn_model_ep_635.0.ckpt 
epoch = 636.0 
Train Process Start...
Train Process End...
epoch = 637.0 
Train Process Start...
Train Process End...
epoch = 638.0 
Train Process Start...
Train Process End...
epoch = 639.0 
Train Process Start...
Train Process End...
epoch = 640.0 
Train Process Start...
Train Process End...
New Model Saved online_nn_model_ep_640.0.ckpt 
epoch = 641.0 
Train Process Start...
Train Process End...
epoch = 642.0 
Train Process Start...
Train Process End...
epoch = 643.0 
Train Process Start...
Train Process End...
epoch = 644.0 
Train Process Start...
Train Process End...
epoch = 645.0 
Train Process Start...
Train Process End...
New Model Saved online_nn_model_ep_645.0.ckpt 
epoch = 646.0 
Train Process Start...
Train Process End...
epoch = 647.0 
Train Process Start...
Train Process End...
epoch = 648.0 
Train Process Start...
Train Process End...
epoch = 649.0 
Train Process Start...
Train Process End...
epoch = 650.0 
Train Process Start...
Train Process End...
New Model Saved online_nn_model_ep_650.0.ckpt 
epoch = 651.0 
Train Process Start...
Train Process End...
epoch = 652.0 
Train Process Start...
Train Process End...
epoch = 653.0 
Train Process Start...
Train Process End...
epoch = 654.0 
Train Process Start...
Train Process End...
epoch = 655.0 
Train Process Start...
Train Process End...
New Model Saved online_nn_model_ep_655.0.ckpt 
epoch = 656.0 
Train Process Start...
Train Process End...
epoch = 657.0 
Train Process Start...
Train Process End...
epoch = 658.0 
Train Process Start...
Train Process End...
epoch = 659.0 
Train Process Start...
Train Process End...
epoch = 660.0 
Train Process Start...
Train Process End...
New Model Saved online_nn_model_ep_660.0.ckpt 
epoch = 661.0 
Train Process Start...
Train Process End...
epoch = 662.0 
Train Process Start...
Train Process End...
epoch = 663.0 
Train Process Start...
Train Process End...
epoch = 664.0 
Train Process Start...
Train Process End...
epoch = 665.0 
Train Process Start...
Train Process End...
New Model Saved online_nn_model_ep_665.0.ckpt 
epoch = 666.0 
Train Process Start...
Train Process End...
epoch = 667.0 
Train Process Start...
Train Process End...
epoch = 668.0 
Train Process Start...
Train Process End...
epoch = 669.0 
Train Process Start...
Train Process End...
epoch = 670.0 
Train Process Start...
Train Process End...
New Model Saved online_nn_model_ep_670.0.ckpt 
epoch = 671.0 
Train Process Start...
Train Process End...
epoch = 672.0 
Train Process Start...
Train Process End...
epoch = 673.0 
Train Process Start...
Train Process End...
epoch = 674.0 
Train Process Start...
Train Process End...
epoch = 675.0 
Train Process Start...
Train Process End...
New Model Saved online_nn_model_ep_675.0.ckpt 
epoch = 676.0 
Train Process Start...
Train Process End...
epoch = 677.0 
Train Process Start...
Train Process End...
epoch = 678.0 
Train Process Start...
Train Process End...
epoch = 679.0 
Train Process Start...
Train Process End...
epoch = 680.0 
Train Process Start...
Train Process End...
New Model Saved online_nn_model_ep_680.0.ckpt 
epoch = 681.0 
Train Process Start...
Train Process End...
epoch = 682.0 
Train Process Start...
Train Process End...
epoch = 683.0 
Train Process Start...
Train Process End...
epoch = 684.0 
Train Process Start...
Train Process End...
epoch = 685.0 
Train Process Start...
Train Process End...
New Model Saved online_nn_model_ep_685.0.ckpt 
epoch = 686.0 
Train Process Start...
Train Process End...
epoch = 687.0 
Train Process Start...
Train Process End...
epoch = 688.0 
Train Process Start...
Train Process End...
epoch = 689.0 
Train Process Start...
Train Process End...
epoch = 690.0 
Train Process Start...
Train Process End...
New Model Saved online_nn_model_ep_690.0.ckpt 
epoch = 691.0 
Train Process Start...
Train Process End...
epoch = 692.0 
Train Process Start...
Train Process End...
epoch = 693.0 
Train Process Start...
Train Process End...
epoch = 694.0 
Train Process Start...
Train Process End...
epoch = 695.0 
Train Process Start...
Train Process End...
New Model Saved online_nn_model_ep_695.0.ckpt 
epoch = 696.0 
Train Process Start...
Train Process End...
epoch = 697.0 
Train Process Start...
Train Process End...
epoch = 698.0 
Train Process Start...
Train Process End...
epoch = 699.0 
Train Process Start...
Train Process End...
epoch = 700.0 
Train Process Start...
Train Process End...
New Model Saved online_nn_model_ep_700.0.ckpt 
epoch = 701.0 
Train Process Start...
Train Process End...
epoch = 702.0 
Train Process Start...
Train Process End...
epoch = 703.0 
Train Process Start...
Train Process End...
epoch = 704.0 
Train Process Start...
Train Process End...
epoch = 705.0 
Train Process Start...
Train Process End...
New Model Saved online_nn_model_ep_705.0.ckpt 
epoch = 706.0 
Train Process Start...
Train Process End...
epoch = 707.0 
Train Process Start...
Train Process End...
epoch = 708.0 
Train Process Start...
Train Process End...
epoch = 709.0 
Train Process Start...
Train Process End...
epoch = 710.0 
Train Process Start...
Train Process End...
New Model Saved online_nn_model_ep_710.0.ckpt 
epoch = 711.0 
Train Process Start...
Train Process End...
epoch = 712.0 
Train Process Start...
Train Process End...
epoch = 713.0 
Train Process Start...
Train Process End...
epoch = 714.0 
Train Process Start...
Train Process End...
epoch = 715.0 
Train Process Start...
Train Process End...
New Model Saved online_nn_model_ep_715.0.ckpt 
epoch = 716.0 
Train Process Start...
Train Process End...
epoch = 717.0 
Train Process Start...
Train Process End...
epoch = 718.0 
Train Process Start...
Train Process End...
epoch = 719.0 
Train Process Start...
Train Process End...
epoch = 720.0 
Train Process Start...
Train Process End...
New Model Saved online_nn_model_ep_720.0.ckpt 
epoch = 721.0 
Train Process Start...
Train Process End...
epoch = 722.0 
Train Process Start...
Train Process End...
epoch = 723.0 
Train Process Start...
Train Process End...
epoch = 724.0 
Train Process Start...
Train Process End...
epoch = 725.0 
Train Process Start...
Train Process End...
New Model Saved online_nn_model_ep_725.0.ckpt 
epoch = 726.0 
Train Process Start...
Train Process End...
epoch = 727.0 
Train Process Start...
Train Process End...
epoch = 728.0 
Train Process Start...
Train Process End...
epoch = 729.0 
Train Process Start...
Train Process End...
epoch = 730.0 
Train Process Start...
Train Process End...
New Model Saved online_nn_model_ep_730.0.ckpt 
epoch = 731.0 
Train Process Start...
Train Process End...
epoch = 732.0 
Train Process Start...
Train Process End...
epoch = 733.0 
Train Process Start...
Train Process End...
epoch = 734.0 
Train Process Start...
Train Process End...
epoch = 735.0 
Train Process Start...
Train Process End...
New Model Saved online_nn_model_ep_735.0.ckpt 
epoch = 736.0 
Train Process Start...
Train Process End...
epoch = 737.0 
Train Process Start...
Train Process End...
epoch = 738.0 
Train Process Start...
Train Process End...
epoch = 739.0 
Train Process Start...
Train Process End...
epoch = 740.0 
Train Process Start...
Train Process End...
New Model Saved online_nn_model_ep_740.0.ckpt 
epoch = 741.0 
Train Process Start...
Train Process End...
epoch = 742.0 
Train Process Start...
Train Process End...
epoch = 743.0 
Train Process Start...
Train Process End...
epoch = 744.0 
Train Process Start...
Train Process End...
epoch = 745.0 
Train Process Start...
Train Process End...
New Model Saved online_nn_model_ep_745.0.ckpt 
epoch = 746.0 
Train Process Start...
Train Process End...
epoch = 747.0 
Train Process Start...
Train Process End...
epoch = 748.0 
Train Process Start...
Train Process End...
epoch = 749.0 
Train Process Start...
Train Process End...
epoch = 750.0 
Train Process Start...
Train Process End...
New Model Saved online_nn_model_ep_750.0.ckpt 
epoch = 751.0 
Train Process Start...
Train Process End...
epoch = 752.0 
Train Process Start...
Train Process End...
epoch = 753.0 
Train Process Start...
Train Process End...
epoch = 754.0 
Train Process Start...
Train Process End...
